<?xml version="1.0" encoding="UTF-8" ?>
<testsuite tests="10" failures="3" name="biz.ei6.interventions.desktop.framework.medias.MediaDTOTest" time="0.022" errors="0" skipped="0">
  <properties>
    <property name="java.runtime.name" value="OpenJDK Runtime Environment"/>
    <property name="java.vm.version" value="11+28"/>
    <property name="sun.boot.library.path" value="C:\Program Files\Java\jdk-11\bin"/>
    <property name="maven.multiModuleProjectDirectory" value="C:\Users\Eixa6\Desktop\DEV Simon\Projet\Front End\desktop"/>
    <property name="java.vm.vendor" value="Oracle Corporation"/>
    <property name="java.vendor.url" value="http://java.oracle.com/"/>
    <property name="guice.disable.misplaced.annotation.check" value="true"/>
    <property name="path.separator" value=";"/>
    <property name="java.vm.name" value="OpenJDK 64-Bit Server VM"/>
    <property name="sun.os.patch.level" value=""/>
    <property name="user.script" value=""/>
    <property name="user.country" value="FR"/>
    <property name="sun.java.launcher" value="SUN_STANDARD"/>
    <property name="java.vm.specification.name" value="Java Virtual Machine Specification"/>
    <property name="user.dir" value="C:\Users\Eixa6\Desktop\DEV Simon\Projet\Front End\desktop"/>
    <property name="java.vm.compressedOopsMode" value="Zero based"/>
    <property name="java.runtime.version" value="11+28"/>
    <property name="java.awt.graphicsenv" value="sun.awt.Win32GraphicsEnvironment"/>
    <property name="os.arch" value="amd64"/>
    <property name="java.io.tmpdir" value="C:\Users\Eixa6\AppData\Local\Temp\"/>
    <property name="line.separator" value="
"/>
    <property name="java.vm.specification.vendor" value="Oracle Corporation"/>
    <property name="user.variant" value=""/>
    <property name="os.name" value="Windows 10"/>
    <property name="maven.ext.class.path" value="C:\Program Files\NetBeans-12.2\netbeans\java\maven-nblib\netbeans-eventspy.jar"/>
    <property name="classworlds.conf" value="C:\Program Files\NetBeans-12.2\netbeans\java\maven\bin\..\bin\m2.conf"/>
    <property name="sun.jnu.encoding" value="Cp1252"/>
    <property name="java.library.path" value="C:\Program Files\Java\jdk-11\bin;C:\WINDOWS\Sun\Java\bin;C:\WINDOWS\system32;C:\WINDOWS;C:\Program Files (x86)\Common Files\Oracle\Java\javapath;C:\WINDOWS\system32;C:\WINDOWS;C:\WINDOWS\System32\Wbem;C:\WINDOWS\System32\WindowsPowerShell\v1.0\;C:\WINDOWS\System32\OpenSSH\;C:\ProgramData\chocolatey\bin;C:\Program Files\nodejs\;C:\Program Files\MariaDB 10.4\bin;C:\Program Files\Microsoft SQL Server\130\Tools\Binn\;C:\Program Files\dotnet\;C:\Program Files\Microsoft SQL Server\Client SDK\ODBC\170\Tools\Binn\;C:\tools\flutter\flutter\bin;C:\php;C:\composer;C:\Program Files\Git\cmd;C:\Users\Eixa6\Desktop\Stage Simon\;C:\Program Files\Java\jdk-14\bin;C:\Program Files\Java\javafx-sdk-11.0.2\bin;C:\Program Files (x86)\Microsoft SQL Server\150\Tools\Binn\;C:\Program Files\Microsoft SQL Server\150\Tools\Binn\;C:\Program Files\Microsoft SQL Server\150\DTS\Binn\;C:\Program Files (x86)\Microsoft SQL Server\150\DTS\Binn\;C:\Program Files\Azure Data Studio\bin;C:\Program Files (x86)\Inno Setup 6;;C:\Program Files\Docker\Docker\resources\bin;C:\ProgramData\DockerDesktop\version-bin;C:\Users\Eixa6\AppData\Local\Microsoft\WindowsApps;C:\Users\Eixa6\AppData\Roaming\npm;C:\Users\Eixa6\AppData\Roaming\Pub\Cache\bin;C:\tools\Cmder;C:\tools\apache-maven-3.6.3\bin;C:\Users\Eixa6\AppData\Local\Programs\Microsoft VS Code\bin;C:\Users\Eixa6\AppData\Roaming\Composer\vendor\bin;C:\Users\Eixa6\.dotnet\tools;C:\Users\Eixa6\.dotnet\tools;C:\Program Files\Azure Data Studio\bin;C:\Users\Eixa6\AppData\Local\Android\Sdk\platform-tools;;."/>
    <property name="maven.conf" value="C:\Program Files\NetBeans-12.2\netbeans\java\maven\bin\../conf"/>
    <property name="jdk.debug" value="release"/>
    <property name="java.class.version" value="55.0"/>
    <property name="java.specification.name" value="Java Platform API Specification"/>
    <property name="sun.management.compiler" value="HotSpot 64-Bit Tiered Compilers"/>
    <property name="os.version" value="10.0"/>
    <property name="library.jansi.path" value="C:\Program Files\NetBeans-12.2\netbeans\java\maven\bin\..\lib\jansi-native"/>
    <property name="user.home" value="C:\Users\Eixa6"/>
    <property name="user.timezone" value="Europe/Paris"/>
    <property name="java.awt.printerjob" value="sun.awt.windows.WPrinterJob"/>
    <property name="file.encoding" value="UTF-8"/>
    <property name="java.specification.version" value="11"/>
    <property name="user.name" value="Eixa6"/>
    <property name="java.class.path" value="C:\Program Files\NetBeans-12.2\netbeans\java\maven\bin\..\boot\plexus-classworlds-2.6.0.jar"/>
    <property name="java.vm.specification.version" value="11"/>
    <property name="sun.arch.data.model" value="64"/>
    <property name="sun.java.command" value="org.codehaus.plexus.classworlds.launcher.Launcher -Dmaven.ext.class.path=C:\Program Files\NetBeans-12.2\netbeans\java\maven-nblib\netbeans-eventspy.jar -Dfile.encoding=UTF-8 test"/>
    <property name="java.home" value="C:\Program Files\Java\jdk-11"/>
    <property name="user.language" value="fr"/>
    <property name="java.specification.vendor" value="Oracle Corporation"/>
    <property name="awt.toolkit" value="sun.awt.windows.WToolkit"/>
    <property name="java.vm.info" value="mixed mode"/>
    <property name="java.version" value="11"/>
    <property name="java.vendor" value="Oracle Corporation"/>
    <property name="maven.home" value="C:\Program Files\NetBeans-12.2\netbeans\java\maven\bin\.."/>
    <property name="file.separator" value="\"/>
    <property name="java.version.date" value="2018-09-25"/>
    <property name="java.vendor.url.bug" value="http://bugreport.java.com/bugreport/"/>
    <property name="sun.io.unicode.encoding" value="UnicodeLittle"/>
    <property name="sun.cpu.endian" value="little"/>
    <property name="java.vendor.version" value="18.9"/>
    <property name="sun.desktop" value="windows"/>
    <property name="sun.cpu.isalist" value="amd64"/>
  </properties>
  <testcase classname="biz.ei6.interventions.desktop.framework.medias.MediaDTOTest" name="biz.ei6.interventions.desktop.framework.medias.MediaDTOTest.testSetId" time="0.001"/>
  <testcase classname="biz.ei6.interventions.desktop.framework.medias.MediaDTOTest" name="biz.ei6.interventions.desktop.framework.medias.MediaDTOTest.testGetId" time="0"/>
  <testcase classname="biz.ei6.interventions.desktop.framework.medias.MediaDTOTest" name="biz.ei6.interventions.desktop.framework.medias.MediaDTOTest.testGetDate" time="0.021">
    <failure message="expected: &lt;test&gt; but was: &lt;2011-12-03T10:15:30&gt;" type="org.opentest4j.AssertionFailedError">org.opentest4j.AssertionFailedError: expected: &lt;test&gt; but was: &lt;2011-12-03T10:15:30&gt;
	at org.junit.jupiter.api.AssertionUtils.fail(AssertionUtils.java:55)
	at org.junit.jupiter.api.AssertionUtils.failNotEqual(AssertionUtils.java:62)
	at org.junit.jupiter.api.AssertEquals.assertEquals(AssertEquals.java:182)
	at org.junit.jupiter.api.AssertEquals.assertEquals(AssertEquals.java:177)
	at org.junit.jupiter.api.Assertions.assertEquals(Assertions.java:1124)
	at biz.ei6.interventions.desktop.framework.medias.MediaDTOTest.testGetDate(MediaDTOTest.java:94)
</failure>
  </testcase>
  <testcase classname="biz.ei6.interventions.desktop.framework.medias.MediaDTOTest" name="biz.ei6.interventions.desktop.framework.medias.MediaDTOTest.testGetFileName" time="0"/>
  <testcase classname="biz.ei6.interventions.desktop.framework.medias.MediaDTOTest" name="biz.ei6.interventions.desktop.framework.medias.MediaDTOTest.testSetFileName" time="0"/>
  <testcase classname="biz.ei6.interventions.desktop.framework.medias.MediaDTOTest" name="biz.ei6.interventions.desktop.framework.medias.MediaDTOTest.testSetDate" time="0"/>
  <testcase classname="biz.ei6.interventions.desktop.framework.medias.MediaDTOTest" name="biz.ei6.interventions.desktop.framework.medias.MediaDTOTest.testSetDeleted" time="0"/>
  <testcase classname="biz.ei6.interventions.desktop.framework.medias.MediaDTOTest" name="biz.ei6.interventions.desktop.framework.medias.MediaDTOTest.testGetDeleted" time="0">
    <failure message="expected: &lt;false&gt; but was: &lt;true&gt;" type="org.opentest4j.AssertionFailedError">org.opentest4j.AssertionFailedError: expected: &lt;false&gt; but was: &lt;true&gt;
	at org.junit.jupiter.api.AssertionUtils.fail(AssertionUtils.java:55)
	at org.junit.jupiter.api.AssertionUtils.failNotEqual(AssertionUtils.java:62)
	at org.junit.jupiter.api.AssertEquals.assertEquals(AssertEquals.java:182)
	at org.junit.jupiter.api.AssertEquals.assertEquals(AssertEquals.java:177)
	at org.junit.jupiter.api.Assertions.assertEquals(Assertions.java:1124)
	at biz.ei6.interventions.desktop.framework.medias.MediaDTOTest.testGetDeleted(MediaDTOTest.java:161)
</failure>
  </testcase>
  <testcase classname="biz.ei6.interventions.desktop.framework.medias.MediaDTOTest" name="biz.ei6.interventions.desktop.framework.medias.MediaDTOTest.testSetIntervention_id" time="0"/>
  <testcase classname="biz.ei6.interventions.desktop.framework.medias.MediaDTOTest" name="biz.ei6.interventions.desktop.framework.medias.MediaDTOTest.testGetIntervention_id" time="0">
    <failure message="expected: &lt;true&gt; but was: &lt;false&gt;" type="org.opentest4j.AssertionFailedError">org.opentest4j.AssertionFailedError: expected: &lt;true&gt; but was: &lt;false&gt;
	at org.junit.jupiter.api.AssertionUtils.fail(AssertionUtils.java:55)
	at org.junit.jupiter.api.AssertTrue.assertTrue(AssertTrue.java:40)
	at org.junit.jupiter.api.AssertTrue.assertTrue(AssertTrue.java:35)
	at org.junit.jupiter.api.Assertions.assertTrue(Assertions.java:162)
	at biz.ei6.interventions.desktop.framework.medias.MediaDTOTest.testGetIntervention_id(MediaDTOTest.java:63)
</failure>
  </testcase>
</testsuite>