<?xml version="1.0" encoding="UTF-8" ?>
<testsuite tests="27" failures="0" name="biz.ei6.interventions.desktop.framework.clients.ClientDTOTest" time="0.003" errors="0" skipped="0">
  <properties>
[...]
</properties>
  <testcase classname="biz.ei6.interventions.desktop.framework.clients.ClientDTOTest" name="biz.ei6.interventions.desktop.framework.clients.ClientDTOTest.testGetCompanyStatus" time="0.001"/>
  <testcase classname="biz.ei6.interventions.desktop.framework.clients.ClientDTOTest" name="biz.ei6.interventions.desktop.framework.clients.ClientDTOTest.testSetFirstVisitDate" time="0.001"/>
  <testcase classname="biz.ei6.interventions.desktop.framework.clients.ClientDTOTest" name="biz.ei6.interventions.desktop.framework.clients.ClientDTOTest.testSetCompanyStatus" time="0"/>
  <testcase classname="biz.ei6.interventions.desktop.framework.clients.ClientDTOTest" name="biz.ei6.interventions.desktop.framework.clients.ClientDTOTest.testGetFirstVisitDate" time="0"/>
  <testcase classname="biz.ei6.interventions.desktop.framework.clients.ClientDTOTest" name="biz.ei6.interventions.desktop.framework.clients.ClientDTOTest.testGetName" time="0"/>
  <testcase classname="biz.ei6.interventions.desktop.framework.clients.ClientDTOTest" name="biz.ei6.interventions.desktop.framework.clients.ClientDTOTest.testSetLastname" time="0.001"/>
  <testcase classname="biz.ei6.interventions.desktop.framework.clients.ClientDTOTest" name="biz.ei6.interventions.desktop.framework.clients.ClientDTOTest.testSetCompany" time="0"/>
  <testcase classname="biz.ei6.interventions.desktop.framework.clients.ClientDTOTest" name="biz.ei6.interventions.desktop.framework.clients.ClientDTOTest.testGetCompany" time="0"/>
  <testcase classname="biz.ei6.interventions.desktop.framework.clients.ClientDTOTest" name="biz.ei6.interventions.desktop.framework.clients.ClientDTOTest.testSetMail" time="0"/>
  <testcase classname="biz.ei6.interventions.desktop.framework.clients.ClientDTOTest" name="biz.ei6.interventions.desktop.framework.clients.ClientDTOTest.testGetAddresses" time="0"/>
  <testcase classname="biz.ei6.interventions.desktop.framework.clients.ClientDTOTest" name="biz.ei6.interventions.desktop.framework.clients.ClientDTOTest.testGetHow" time="0"/>
  <testcase classname="biz.ei6.interventions.desktop.framework.clients.ClientDTOTest" name="biz.ei6.interventions.desktop.framework.clients.ClientDTOTest.testSetPhone" time="0"/>
  <testcase classname="biz.ei6.interventions.desktop.framework.clients.ClientDTOTest" name="biz.ei6.interventions.desktop.framework.clients.ClientDTOTest.testGetWhy" time="0"/>
  <testcase classname="biz.ei6.interventions.desktop.framework.clients.ClientDTOTest" name="biz.ei6.interventions.desktop.framework.clients.ClientDTOTest.testSetWhy" time="0"/>
  <testcase classname="biz.ei6.interventions.desktop.framework.clients.ClientDTOTest" name="biz.ei6.interventions.desktop.framework.clients.ClientDTOTest.testGetProblematic" time="0"/>
  <testcase classname="biz.ei6.interventions.desktop.framework.clients.ClientDTOTest" name="biz.ei6.interventions.desktop.framework.clients.ClientDTOTest.testSetProblematic" time="0"/>
  <testcase classname="biz.ei6.interventions.desktop.framework.clients.ClientDTOTest" name="biz.ei6.interventions.desktop.framework.clients.ClientDTOTest.testGetPhone" time="0"/>
  <testcase classname="biz.ei6.interventions.desktop.framework.clients.ClientDTOTest" name="biz.ei6.interventions.desktop.framework.clients.ClientDTOTest.testSetHow" time="0"/>
  <testcase classname="biz.ei6.interventions.desktop.framework.clients.ClientDTOTest" name="biz.ei6.interventions.desktop.framework.clients.ClientDTOTest.testGetDeleted" time="0"/>
  <testcase classname="biz.ei6.interventions.desktop.framework.clients.ClientDTOTest" name="biz.ei6.interventions.desktop.framework.clients.ClientDTOTest.testGetId" time="0"/>
  <testcase classname="biz.ei6.interventions.desktop.framework.clients.ClientDTOTest" name="biz.ei6.interventions.desktop.framework.clients.ClientDTOTest.testSetId" time="0"/>
  <testcase classname="biz.ei6.interventions.desktop.framework.clients.ClientDTOTest" name="biz.ei6.interventions.desktop.framework.clients.ClientDTOTest.testGetCivility" time="0"/>
  <testcase classname="biz.ei6.interventions.desktop.framework.clients.ClientDTOTest" name="biz.ei6.interventions.desktop.framework.clients.ClientDTOTest.testSetCivility" time="0"/>
  <testcase classname="biz.ei6.interventions.desktop.framework.clients.ClientDTOTest" name="biz.ei6.interventions.desktop.framework.clients.ClientDTOTest.testSetName" time="0"/>
  <testcase classname="biz.ei6.interventions.desktop.framework.clients.ClientDTOTest" name="biz.ei6.interventions.desktop.framework.clients.ClientDTOTest.testGetLastname" time="0"/>
  <testcase classname="biz.ei6.interventions.desktop.framework.clients.ClientDTOTest" name="biz.ei6.interventions.desktop.framework.clients.ClientDTOTest.testGetMail" time="0"/>
  <testcase classname="biz.ei6.interventions.desktop.framework.clients.ClientDTOTest" name="biz.ei6.interventions.desktop.framework.clients.ClientDTOTest.testSetDeleted" time="0"/>
</testsuite>